=== Quasar Engine Log — 2026-03-22 03:24:42 ===

[00:00:00.000] [DEBUG] System 'Log' registered
[00:00:00.000] [DEBUG] 15 worker threads spawned
[00:00:00.000] [DEBUG] System 'Job' registered
[00:00:00.000] [DEBUG] System 'Event' registered
[00:00:00.000] [DEBUG] System 'Input' registered
[00:00:00.000] [INFO ] Quasar Engine 0.1.0 initialized (Quasar Editor) [15 worker threads]
[00:00:00.752] [INFO ] Render system initialized (device 0000020587469530)
[00:00:00.752] [DEBUG] System 'Render' registered
[00:00:00.752] [INFO ] Texture system initialized (device 0000020587469530)
[00:00:00.752] [DEBUG] System 'Texture' registered
[00:00:00.753] [INFO ] Mesh system initialized (device 0000020587469530)
[00:00:00.753] [DEBUG] System 'Mesh' registered
[00:00:00.754] [INFO ] Texture '_default_white' created (1x1, 1 mips)
[00:00:00.755] [INFO ] Texture '_default_normal' created (1x1, 1 mips)
[00:00:00.756] [INFO ] Texture '_default_black' created (1x1, 1 mips)
[00:00:00.756] [INFO ] Material system initialized (device 0000020587469530)
[00:00:00.756] [DEBUG] System 'Material' registered
[00:00:00.756] [INFO ] Light system initialized
[00:00:00.756] [DEBUG] System 'Light' registered
[00:00:00.756] [INFO ] Component type 'Transform' registered (size=40)
[00:00:00.756] [INFO ] Component type 'MeshComp' registered (size=24)
[00:00:00.756] [INFO ] Component type 'LightComp' registered (size=8)
[00:00:00.756] [INFO ] Scene system initialized
[00:00:00.756] [DEBUG] System 'Scene' registered
[00:00:00.756] [INFO ] Renderer 'scene' created (depth=on)
[00:00:00.893] [INFO ] Forward rendering pipeline created
[00:00:00.893] [INFO ] Material '_fwd_default' created (alpha=0, double_sided=0)
[00:00:00.893] [DEBUG] Renderer 'scene': added node 'forward' (priority 100)
[00:00:00.893] [INFO ] Forward renderer initialized
[00:00:00.893] [INFO ] Scene 'TestScene' created
[00:00:00.893] [INFO ] Active scene: TestScene
[00:00:00.895] [INFO ] Mesh 'primitive_plane' created (4 verts, 6 indices)
[00:00:00.897] [INFO ] Mesh 'primitive_cube' created (24 verts, 36 indices)
[00:00:00.899] [INFO ] Mesh 'primitive_sphere' created (425 verts, 2304 indices)
[00:00:00.899] [INFO ] Material 'floor' created (alpha=0, double_sided=0)
[00:00:00.899] [INFO ] Material 'red' created (alpha=0, double_sided=0)
[00:00:00.899] [INFO ] Material 'blue' created (alpha=0, double_sided=0)
[00:00:00.899] [INFO ] Material 'green' created (alpha=0, double_sided=0)
[00:00:00.899] [INFO ] Material 'gold' created (alpha=0, double_sided=0)
[00:00:04.718] [INFO ] Forward renderer shut down
[00:00:04.718] [INFO ] Active scene: (none)
[00:00:04.719] [INFO ] Scene 'TestScene' destroyed
[00:00:04.719] [INFO ] Scene system shut down
[00:00:04.719] [DEBUG] System 'Scene' shut down
[00:00:04.719] [INFO ] Light system shut down
[00:00:04.719] [DEBUG] System 'Light' shut down
[00:00:04.719] [INFO ] Material '_fwd_default' destroyed
[00:00:04.719] [INFO ] Material 'floor' destroyed
[00:00:04.719] [INFO ] Material 'red' destroyed
[00:00:04.719] [INFO ] Material 'blue' destroyed
[00:00:04.719] [INFO ] Material 'green' destroyed
[00:00:04.719] [INFO ] Material 'gold' destroyed
[00:00:04.720] [INFO ] Texture '_default_white' destroyed
[00:00:04.721] [INFO ] Texture '_default_normal' destroyed
[00:00:04.721] [INFO ] Texture '_default_black' destroyed
[00:00:04.721] [INFO ] Material system shut down
[00:00:04.722] [DEBUG] System 'Material' shut down
[00:00:04.722] [INFO ] Mesh 'primitive_plane' destroyed
[00:00:04.723] [INFO ] Mesh 'primitive_cube' destroyed
[00:00:04.724] [INFO ] Mesh 'primitive_sphere' destroyed
[00:00:04.724] [INFO ] Mesh system shut down
[00:00:04.724] [DEBUG] System 'Mesh' shut down
[00:00:04.724] [INFO ] Texture system shut down
[00:00:04.724] [DEBUG] System 'Texture' shut down
[00:00:04.724] [INFO ] Renderer 'scene' destroyed
[00:00:04.724] [INFO ] Render system shut down
[00:00:04.724] [DEBUG] System 'Render' shut down
[00:00:04.724] [DEBUG] System 'Input' shut down
[00:00:04.724] [DEBUG] System 'Event' shut down
[00:00:04.725] [DEBUG] System 'Job' shut down

=== Log closed ===
